# JRE version: Java(TM) SE Runtime Environment (8.0_261-b12) (build 1.8.0_261-b12)
# Java VM: Java HotSpot(TM) 64-Bit Server VM (25.261-b12 mixed mode windows-amd64 compressed oops)
Heap:
 PSYoungGen      total 40960K, used 6673K [0x00000000d5e00000, 0x00000000d8e80000, 0x0000000100000000)
  eden space 32256K, 0% used [0x00000000d5e00000,0x00000000d5e00000,0x00000000d7d80000)
  from space 8704K, 76% used [0x00000000d7d80000,0x00000000d84045a8,0x00000000d8600000)
  to   space 8192K, 0% used [0x00000000d8600000,0x00000000d8600000,0x00000000d8e00000)
 ParOldGen       total 87552K, used 8569K [0x0000000081a00000, 0x0000000086f80000, 0x00000000d5e00000)
  object space 87552K, 9% used [0x0000000081a00000,0x000000008225e7b0,0x0000000086f80000)
 Metaspace       used 20603K, capacity 21104K, committed 21296K, reserved 1069056K
  class space    used 2430K, capacity 2584K, committed 2688K, reserved 1048576K
GC Heap History (10 events):
Event: 4.064 GC heap after
Heap after GC invocations=3 (full 0):
 PSYoungGen      total 38400K, used 5091K [0x00000000d5e00000, 0x00000000d8880000, 0x0000000100000000)
  eden space 33280K, 0% used [0x00000000d5e00000,0x00000000d5e00000,0x00000000d7e80000)
  from space 5120K, 99% used [0x00000000d7e80000,0x00000000d8378fc8,0x00000000d8380000)
  to   space 5120K, 0% used [0x00000000d8380000,0x00000000d8380000,0x00000000d8880000)
 ParOldGen       total 87552K, used 3097K [0x0000000081a00000, 0x0000000086f80000, 0x00000000d5e00000)
  object space 87552K, 3% used [0x0000000081a00000,0x0000000081d06728,0x0000000086f80000)
 Metaspace       used 15264K, capacity 15518K, committed 15872K, reserved 1062912K
  class space    used 1863K, capacity 1938K, committed 2048K, reserved 1048576K
}
Event: 5.803 GC heap before
{Heap before GC invocations=4 (full 0):
 PSYoungGen      total 38400K, used 38371K [0x00000000d5e00000, 0x00000000d8880000, 0x0000000100000000)
  eden space 33280K, 100% used [0x00000000d5e00000,0x00000000d7e80000,0x00000000d7e80000)
  from space 5120K, 99% used [0x00000000d7e80000,0x00000000d8378fc8,0x00000000d8380000)
  to   space 5120K, 0% used [0x00000000d8380000,0x00000000d8380000,0x00000000d8880000)
 ParOldGen       total 87552K, used 3097K [0x0000000081a00000, 0x0000000086f80000, 0x00000000d5e00000)
  object space 87552K, 3% used [0x0000000081a00000,0x0000000081d06728,0x0000000086f80000)
 Metaspace       used 16303K, capacity 16598K, committed 16896K, reserved 1064960K
  class space    used 1943K, capacity 2038K, committed 2048K, reserved 1048576K
Event: 5.816 GC heap after
Heap after GC invocations=4 (full 0):
 PSYoungGen      total 38400K, used 5088K [0x00000000d5e00000, 0x00000000d8880000, 0x0000000100000000)
  eden space 33280K, 0% used [0x00000000d5e00000,0x00000000d5e00000,0x00000000d7e80000)
  from space 5120K, 99% used [0x00000000d8380000,0x00000000d8878040,0x00000000d8880000)
  to   space 5120K, 0% used [0x00000000d7e80000,0x00000000d7e80000,0x00000000d8380000)
 ParOldGen       total 87552K, used 5175K [0x0000000081a00000, 0x0000000086f80000, 0x00000000d5e00000)
  object space 87552K, 5% used [0x0000000081a00000,0x0000000081f0de30,0x0000000086f80000)
 Metaspace       used 16303K, capacity 16598K, committed 16896K, reserved 1064960K
  class space    used 1943K, capacity 2038K, committed 2048K, reserved 1048576K
}
Event: 7.283 GC heap before
{Heap before GC invocations=5 (full 0):
 PSYoungGen      total 38400K, used 38368K [0x00000000d5e00000, 0x00000000d8880000, 0x0000000100000000)
  eden space 33280K, 100% used [0x00000000d5e00000,0x00000000d7e80000,0x00000000d7e80000)
  from space 5120K, 99% used [0x00000000d8380000,0x00000000d8878040,0x00000000d8880000)
  to   space 5120K, 0% used [0x00000000d7e80000,0x00000000d7e80000,0x00000000d8380000)
 ParOldGen       total 87552K, used 5175K [0x0000000081a00000, 0x0000000086f80000, 0x00000000d5e00000)
  object space 87552K, 5% used [0x0000000081a00000,0x0000000081f0de30,0x0000000086f80000)
 Metaspace       used 16777K, capacity 17106K, committed 17280K, reserved 1064960K
  class space    used 1963K, capacity 2078K, committed 2176K, reserved 1048576K
Event: 7.295 GC heap after
Heap after GC invocations=5 (full 0):
 PSYoungGen      total 37888K, used 5104K [0x00000000d5e00000, 0x00000000d8e00000, 0x0000000100000000)
  eden space 32768K, 0% used [0x00000000d5e00000,0x00000000d5e00000,0x00000000d7e00000)
  from space 5120K, 99% used [0x00000000d7e80000,0x00000000d837c030,0x00000000d8380000)
  to   space 8192K, 0% used [0x00000000d8600000,0x00000000d8600000,0x00000000d8e00000)
 ParOldGen       total 87552K, used 6849K [0x0000000081a00000, 0x0000000086f80000, 0x00000000d5e00000)
  object space 87552K, 7% used [0x0000000081a00000,0x00000000820b0710,0x0000000086f80000)
 Metaspace       used 16777K, capacity 17106K, committed 17280K, reserved 1064960K
  class space    used 1963K, capacity 2078K, committed 2176K, reserved 1048576K
}
Event: 9.011 GC heap before
{Heap before GC invocations=6 (full 0):
 PSYoungGen      total 37888K, used 37872K [0x00000000d5e00000, 0x00000000d8e00000, 0x0000000100000000)
  eden space 32768K, 100% used [0x00000000d5e00000,0x00000000d7e00000,0x00000000d7e00000)
  from space 5120K, 99% used [0x00000000d7e80000,0x00000000d837c030,0x00000000d8380000)
  to   space 8192K, 0% used [0x00000000d8600000,0x00000000d8600000,0x00000000d8e00000)
 ParOldGen       total 87552K, used 6849K [0x0000000081a00000, 0x0000000086f80000, 0x00000000d5e00000)
  object space 87552K, 7% used [0x0000000081a00000,0x00000000820b0710,0x0000000086f80000)
 Metaspace       used 18009K, capacity 18416K, committed 18688K, reserved 1064960K
  class space    used 2105K, capacity 2216K, committed 2304K, reserved 1048576K
Event: 9.031 GC heap after
Heap after GC invocations=6 (full 0):
 PSYoungGen      total 40448K, used 7955K [0x00000000d5e00000, 0x00000000d8e80000, 0x0000000100000000)
  eden space 32256K, 0% used [0x00000000d5e00000,0x00000000d5e00000,0x00000000d7d80000)
  from space 8192K, 97% used [0x00000000d8600000,0x00000000d8dc4d88,0x00000000d8e00000)
  to   space 8704K, 0% used [0x00000000d7d80000,0x00000000d7d80000,0x00000000d8600000)
 ParOldGen       total 87552K, used 6857K [0x0000000081a00000, 0x0000000086f80000, 0x00000000d5e00000)
  object space 87552K, 7% used [0x0000000081a00000,0x00000000820b2710,0x0000000086f80000)
 Metaspace       used 18009K, capacity 18416K, committed 18688K, reserved 1064960K
  class space    used 2105K, capacity 2216K, committed 2304K, reserved 1048576K
}
Event: 10.459 GC heap before
{Heap before GC invocations=7 (full 0):
 PSYoungGen      total 40448K, used 33318K [0x00000000d5e00000, 0x00000000d8e80000, 0x0000000100000000)
  eden space 32256K, 78% used [0x00000000d5e00000,0x00000000d76c4e38,0x00000000d7d80000)
  from space 8192K, 97% used [0x00000000d8600000,0x00000000d8dc4d88,0x00000000d8e00000)
  to   space 8704K, 0% used [0x00000000d7d80000,0x00000000d7d80000,0x00000000d8600000)
 ParOldGen       total 87552K, used 6857K [0x0000000081a00000, 0x0000000086f80000, 0x00000000d5e00000)
  object space 87552K, 7% used [0x0000000081a00000,0x00000000820b2710,0x0000000086f80000)
 Metaspace       used 20603K, capacity 21104K, committed 21296K, reserved 1069056K
  class space    used 2430K, capacity 2584K, committed 2688K, reserved 1048576K
Event: 10.491 GC heap after
Heap after GC invocations=7 (full 0):
 PSYoungGen      total 40960K, used 6673K [0x00000000d5e00000, 0x00000000d8e80000, 0x0000000100000000)
  eden space 32256K, 0% used [0x00000000d5e00000,0x00000000d5e00000,0x00000000d7d80000)
  from space 8704K, 76% used [0x00000000d7d80000,0x00000000d84045a8,0x00000000d8600000)
  to   space 8192K, 0% used [0x00000000d8600000,0x00000000d8600000,0x00000000d8e00000)
 ParOldGen       total 87552K, used 8569K [0x0000000081a00000, 0x0000000086f80000, 0x00000000d5e00000)
  object space 87552K, 9% used [0x0000000081a00000,0x000000008225e7b0,0x0000000086f80000)
 Metaspace       used 20603K, capacity 21104K, committed 21296K, reserved 1069056K
  class space    used 2430K, capacity 2584K, committed 2688K, reserved 1048576K
}
Event: 10.491 GC heap before
{Heap before GC invocations=8 (full 1):
 PSYoungGen      total 40960K, used 6673K [0x00000000d5e00000, 0x00000000d8e80000, 0x0000000100000000)
  eden space 32256K, 0% used [0x00000000d5e00000,0x00000000d5e00000,0x00000000d7d80000)
  from space 8704K, 76% used [0x00000000d7d80000,0x00000000d84045a8,0x00000000d8600000)
  to   space 8192K, 0% used [0x00000000d8600000,0x00000000d8600000,0x00000000d8e00000)
 ParOldGen       total 87552K, used 8569K [0x0000000081a00000, 0x0000000086f80000, 0x00000000d5e00000)
  object space 87552K, 9% used [0x0000000081a00000,0x000000008225e7b0,0x0000000086f80000)
 Metaspace       used 20603K, capacity 21104K, committed 21296K, reserved 1069056K
  class space    used 2430K, capacity 2584K, committed 2688K, reserved 1048576K

